[0.013s] Invoking command in '/home/kevin/ros2_ws/nav2/build/my_robot_description': CMAKE_PREFIX_PATH=${CMAKE_PREFIX_PATH}:/opt/ros/humble /usr/bin/cmake /home/kevin/ros2_ws/nav2/src/my_robot_description -DCMAKE_INSTALL_PREFIX=/home/kevin/ros2_ws/nav2/install/my_robot_description
[0.064s] -- The C compiler identification is GNU 11.4.0
[0.179s] -- The CXX compiler identification is GNU 11.4.0
[0.205s] -- Detecting C compiler ABI info
[0.476s] -- Detecting C compiler ABI info - done
[0.501s] -- Check for working C compiler: /usr/bin/cc - skipped
[0.501s] -- Detecting C compile features
[0.503s] -- Detecting C compile features - done
[0.509s] -- Detecting CXX compiler ABI info
[0.689s] -- Detecting CXX compiler ABI info - done
[0.712s] -- Check for working CXX compiler: /usr/bin/c++ - skipped
[0.712s] -- Detecting CXX compile features
[0.714s] -- Detecting CXX compile features - done
[0.720s] -- Found ament_cmake: 1.3.14 (/opt/ros/humble/share/ament_cmake/cmake)
[1.085s] -- Found Python3: /usr/bin/python3 (found version "3.10.12") found components: Interpreter 
[1.323s] -- Found ament_lint_auto: 0.12.15 (/opt/ros/humble/share/ament_lint_auto/cmake)
[1.476s] -- Added test 'lint_cmake' to check CMake code style
[1.479s] -- Added test 'xmllint' to check XML markup files
[1.482s] -- Configuring done
[1.488s] -- Generating done
[1.492s] -- Build files have been written to: /home/kevin/ros2_ws/nav2/build/my_robot_description
[1.504s] Invoked command in '/home/kevin/ros2_ws/nav2/build/my_robot_description' returned '0': CMAKE_PREFIX_PATH=${CMAKE_PREFIX_PATH}:/opt/ros/humble /usr/bin/cmake /home/kevin/ros2_ws/nav2/src/my_robot_description -DCMAKE_INSTALL_PREFIX=/home/kevin/ros2_ws/nav2/install/my_robot_description
[1.507s] Invoking command in '/home/kevin/ros2_ws/nav2/build/my_robot_description': CMAKE_PREFIX_PATH=${CMAKE_PREFIX_PATH}:/opt/ros/humble /usr/bin/cmake --build /home/kevin/ros2_ws/nav2/build/my_robot_description -- -j12 -l12
[1.624s] Invoked command in '/home/kevin/ros2_ws/nav2/build/my_robot_description' returned '0': CMAKE_PREFIX_PATH=${CMAKE_PREFIX_PATH}:/opt/ros/humble /usr/bin/cmake --build /home/kevin/ros2_ws/nav2/build/my_robot_description -- -j12 -l12
[1.627s] Invoking command in '/home/kevin/ros2_ws/nav2/build/my_robot_description': CMAKE_PREFIX_PATH=${CMAKE_PREFIX_PATH}:/opt/ros/humble /usr/bin/cmake --install /home/kevin/ros2_ws/nav2/build/my_robot_description
[1.651s] -- Install configuration: ""
[1.654s] -- Installing: /home/kevin/ros2_ws/nav2/install/my_robot_description/share/ament_index/resource_index/package_run_dependencies/my_robot_description
[1.654s] -- Installing: /home/kevin/ros2_ws/nav2/install/my_robot_description/share/ament_index/resource_index/parent_prefix_path/my_robot_description
[1.656s] -- Installing: /home/kevin/ros2_ws/nav2/install/my_robot_description/share/my_robot_description/environment/ament_prefix_path.sh
[1.656s] -- Installing: /home/kevin/ros2_ws/nav2/install/my_robot_description/share/my_robot_description/environment/ament_prefix_path.dsv
[1.657s] -- Installing: /home/kevin/ros2_ws/nav2/install/my_robot_description/share/my_robot_description/environment/path.sh
[1.657s] -- Installing: /home/kevin/ros2_ws/nav2/install/my_robot_description/share/my_robot_description/environment/path.dsv
[1.658s] -- Installing: /home/kevin/ros2_ws/nav2/install/my_robot_description/share/my_robot_description/local_setup.bash
[1.658s] -- Installing: /home/kevin/ros2_ws/nav2/install/my_robot_description/share/my_robot_description/local_setup.sh
[1.660s] -- Installing: /home/kevin/ros2_ws/nav2/install/my_robot_description/share/my_robot_description/local_setup.zsh
[1.660s] -- Installing: /home/kevin/ros2_ws/nav2/install/my_robot_description/share/my_robot_description/local_setup.dsv
[1.662s] -- Installing: /home/kevin/ros2_ws/nav2/install/my_robot_description/share/my_robot_description/package.dsv
[1.662s] -- Installing: /home/kevin/ros2_ws/nav2/install/my_robot_description/share/ament_index/resource_index/packages/my_robot_description
[1.664s] -- Installing: /home/kevin/ros2_ws/nav2/install/my_robot_description/share/my_robot_description/cmake/my_robot_descriptionConfig.cmake
[1.664s] -- Installing: /home/kevin/ros2_ws/nav2/install/my_robot_description/share/my_robot_description/cmake/my_robot_descriptionConfig-version.cmake
[1.667s] -- Installing: /home/kevin/ros2_ws/nav2/install/my_robot_description/share/my_robot_description/package.xml
[1.731s] Invoked command in '/home/kevin/ros2_ws/nav2/build/my_robot_description' returned '0': CMAKE_PREFIX_PATH=${CMAKE_PREFIX_PATH}:/opt/ros/humble /usr/bin/cmake --install /home/kevin/ros2_ws/nav2/build/my_robot_description
