[0.121s] DEBUG:colcon:Command line arguments: ['/usr/bin/colcon', 'build']
[0.121s] DEBUG:colcon:Parsed command line arguments: Namespace(log_base=None, log_level=None, verb_name='build', build_base='build', install_base='install', merge_install=False, symlink_install=False, test_result_base=None, continue_on_error=False, executor='parallel', parallel_workers=12, event_handlers=None, ignore_user_meta=False, metas=['./colcon.meta'], base_paths=['.'], packages_ignore=None, packages_ignore_regex=None, paths=None, packages_up_to=None, packages_up_to_regex=None, packages_above=None, packages_above_and_dependencies=None, packages_above_depth=None, packages_select_by_dep=None, packages_skip_by_dep=None, packages_skip_up_to=None, packages_select_build_failed=False, packages_skip_build_finished=False, packages_select_test_failures=False, packages_skip_test_passed=False, packages_select=None, packages_skip=None, packages_select_regex=None, packages_skip_regex=None, packages_start=None, packages_end=None, allow_overriding=[], cmake_args=None, cmake_target=None, cmake_target_skip_unavailable=False, cmake_clean_cache=False, cmake_clean_first=False, cmake_force_configure=False, ament_cmake_args=None, catkin_cmake_args=None, catkin_skip_building_tests=False, verb_parser=<colcon_defaults.argument_parser.defaults.DefaultArgumentsDecorator object at 0x75890b03cc70>, verb_extension=<colcon_core.verb.build.BuildVerb object at 0x75890b1d6230>, main=<bound method BuildVerb.main of <colcon_core.verb.build.BuildVerb object at 0x75890b1d6230>>)
[0.294s] Level 1:colcon.colcon_core.package_discovery:discover_packages(colcon_meta) check parameters
[0.294s] Level 1:colcon.colcon_core.package_discovery:discover_packages(recursive) check parameters
[0.294s] Level 1:colcon.colcon_core.package_discovery:discover_packages(ignore) check parameters
[0.294s] Level 1:colcon.colcon_core.package_discovery:discover_packages(path) check parameters
[0.294s] Level 1:colcon.colcon_core.package_discovery:discover_packages(colcon_meta) discover
[0.294s] Level 1:colcon.colcon_core.package_discovery:discover_packages(recursive) discover
[0.294s] INFO:colcon.colcon_core.package_discovery:Crawling recursively for packages in '/home/kevin/ros2_ws/nav2'
[0.294s] Level 1:colcon.colcon_core.package_identification:_identify(.) by extensions ['ignore', 'ignore_ament_install']
[0.294s] Level 1:colcon.colcon_core.package_identification:_identify(.) by extension 'ignore'
[0.294s] Level 1:colcon.colcon_core.package_identification:_identify(.) by extension 'ignore_ament_install'
[0.294s] Level 1:colcon.colcon_core.package_identification:_identify(.) by extensions ['colcon_pkg']
[0.294s] Level 1:colcon.colcon_core.package_identification:_identify(.) by extension 'colcon_pkg'
[0.294s] Level 1:colcon.colcon_core.package_identification:_identify(.) by extensions ['colcon_meta']
[0.294s] Level 1:colcon.colcon_core.package_identification:_identify(.) by extension 'colcon_meta'
[0.294s] Level 1:colcon.colcon_core.package_identification:_identify(.) by extensions ['ros']
[0.294s] Level 1:colcon.colcon_core.package_identification:_identify(.) by extension 'ros'
[0.304s] Level 1:colcon.colcon_core.package_identification:_identify(.) by extensions ['cmake', 'python']
[0.304s] Level 1:colcon.colcon_core.package_identification:_identify(.) by extension 'cmake'
[0.304s] Level 1:colcon.colcon_core.package_identification:_identify(.) by extension 'python'
[0.304s] Level 1:colcon.colcon_core.package_identification:_identify(.) by extensions ['python_setup_py']
[0.304s] Level 1:colcon.colcon_core.package_identification:_identify(.) by extension 'python_setup_py'
[0.305s] Level 1:colcon.colcon_core.package_identification:_identify(build) by extensions ['ignore', 'ignore_ament_install']
[0.305s] Level 1:colcon.colcon_core.package_identification:_identify(build) by extension 'ignore'
[0.305s] Level 1:colcon.colcon_core.package_identification:_identify(build) ignored
[0.305s] Level 1:colcon.colcon_core.package_identification:_identify(install) by extensions ['ignore', 'ignore_ament_install']
[0.305s] Level 1:colcon.colcon_core.package_identification:_identify(install) by extension 'ignore'
[0.305s] Level 1:colcon.colcon_core.package_identification:_identify(install) ignored
[0.305s] Level 1:colcon.colcon_core.package_identification:_identify(log) by extensions ['ignore', 'ignore_ament_install']
[0.305s] Level 1:colcon.colcon_core.package_identification:_identify(log) by extension 'ignore'
[0.305s] Level 1:colcon.colcon_core.package_identification:_identify(log) ignored
[0.305s] Level 1:colcon.colcon_core.package_identification:_identify(src) by extensions ['ignore', 'ignore_ament_install']
[0.305s] Level 1:colcon.colcon_core.package_identification:_identify(src) by extension 'ignore'
[0.305s] Level 1:colcon.colcon_core.package_identification:_identify(src) by extension 'ignore_ament_install'
[0.305s] Level 1:colcon.colcon_core.package_identification:_identify(src) by extensions ['colcon_pkg']
[0.305s] Level 1:colcon.colcon_core.package_identification:_identify(src) by extension 'colcon_pkg'
[0.305s] Level 1:colcon.colcon_core.package_identification:_identify(src) by extensions ['colcon_meta']
[0.305s] Level 1:colcon.colcon_core.package_identification:_identify(src) by extension 'colcon_meta'
[0.305s] Level 1:colcon.colcon_core.package_identification:_identify(src) by extensions ['ros']
[0.305s] Level 1:colcon.colcon_core.package_identification:_identify(src) by extension 'ros'
[0.306s] Level 1:colcon.colcon_core.package_identification:_identify(src) by extensions ['cmake', 'python']
[0.306s] Level 1:colcon.colcon_core.package_identification:_identify(src) by extension 'cmake'
[0.306s] Level 1:colcon.colcon_core.package_identification:_identify(src) by extension 'python'
[0.306s] Level 1:colcon.colcon_core.package_identification:_identify(src) by extensions ['python_setup_py']
[0.306s] Level 1:colcon.colcon_core.package_identification:_identify(src) by extension 'python_setup_py'
[0.306s] Level 1:colcon.colcon_core.package_identification:_identify(src/my_nav2_bringup) by extensions ['ignore', 'ignore_ament_install']
[0.306s] Level 1:colcon.colcon_core.package_identification:_identify(src/my_nav2_bringup) by extension 'ignore'
[0.306s] Level 1:colcon.colcon_core.package_identification:_identify(src/my_nav2_bringup) by extension 'ignore_ament_install'
[0.306s] Level 1:colcon.colcon_core.package_identification:_identify(src/my_nav2_bringup) by extensions ['colcon_pkg']
[0.306s] Level 1:colcon.colcon_core.package_identification:_identify(src/my_nav2_bringup) by extension 'colcon_pkg'
[0.306s] Level 1:colcon.colcon_core.package_identification:_identify(src/my_nav2_bringup) by extensions ['colcon_meta']
[0.306s] Level 1:colcon.colcon_core.package_identification:_identify(src/my_nav2_bringup) by extension 'colcon_meta'
[0.306s] Level 1:colcon.colcon_core.package_identification:_identify(src/my_nav2_bringup) by extensions ['ros']
[0.306s] Level 1:colcon.colcon_core.package_identification:_identify(src/my_nav2_bringup) by extension 'ros'
[0.308s] DEBUG:colcon.colcon_core.package_identification:Package 'src/my_nav2_bringup' with type 'ros.ament_cmake' and name 'my_nav2_bringup'
[0.308s] Level 1:colcon.colcon_core.package_identification:_identify(src/my_robot_description) by extensions ['ignore', 'ignore_ament_install']
[0.308s] Level 1:colcon.colcon_core.package_identification:_identify(src/my_robot_description) by extension 'ignore'
[0.308s] Level 1:colcon.colcon_core.package_identification:_identify(src/my_robot_description) by extension 'ignore_ament_install'
[0.308s] Level 1:colcon.colcon_core.package_identification:_identify(src/my_robot_description) by extensions ['colcon_pkg']
[0.308s] Level 1:colcon.colcon_core.package_identification:_identify(src/my_robot_description) by extension 'colcon_pkg'
[0.308s] Level 1:colcon.colcon_core.package_identification:_identify(src/my_robot_description) by extensions ['colcon_meta']
[0.308s] Level 1:colcon.colcon_core.package_identification:_identify(src/my_robot_description) by extension 'colcon_meta'
[0.308s] Level 1:colcon.colcon_core.package_identification:_identify(src/my_robot_description) by extensions ['ros']
[0.309s] Level 1:colcon.colcon_core.package_identification:_identify(src/my_robot_description) by extension 'ros'
[0.309s] DEBUG:colcon.colcon_core.package_identification:Package 'src/my_robot_description' with type 'ros.ament_cmake' and name 'my_robot_description'
[0.309s] Level 1:colcon.colcon_core.package_identification:_identify(src/my_robot_navigation) by extensions ['ignore', 'ignore_ament_install']
[0.309s] Level 1:colcon.colcon_core.package_identification:_identify(src/my_robot_navigation) by extension 'ignore'
[0.309s] Level 1:colcon.colcon_core.package_identification:_identify(src/my_robot_navigation) by extension 'ignore_ament_install'
[0.309s] Level 1:colcon.colcon_core.package_identification:_identify(src/my_robot_navigation) by extensions ['colcon_pkg']
[0.309s] Level 1:colcon.colcon_core.package_identification:_identify(src/my_robot_navigation) by extension 'colcon_pkg'
[0.309s] Level 1:colcon.colcon_core.package_identification:_identify(src/my_robot_navigation) by extensions ['colcon_meta']
[0.309s] Level 1:colcon.colcon_core.package_identification:_identify(src/my_robot_navigation) by extension 'colcon_meta'
[0.309s] Level 1:colcon.colcon_core.package_identification:_identify(src/my_robot_navigation) by extensions ['ros']
[0.309s] Level 1:colcon.colcon_core.package_identification:_identify(src/my_robot_navigation) by extension 'ros'
[0.310s] DEBUG:colcon.colcon_core.package_identification:Package 'src/my_robot_navigation' with type 'ros.ament_cmake' and name 'my_robot_navigation'
[0.310s] Level 1:colcon.colcon_core.package_discovery:discover_packages(recursive) using defaults
[0.310s] Level 1:colcon.colcon_core.package_discovery:discover_packages(ignore) discover
[0.310s] Level 1:colcon.colcon_core.package_discovery:discover_packages(ignore) using defaults
[0.310s] Level 1:colcon.colcon_core.package_discovery:discover_packages(path) discover
[0.310s] Level 1:colcon.colcon_core.package_discovery:discover_packages(path) using defaults
[0.336s] Level 1:colcon.colcon_core.package_discovery:discover_packages(prefix_path) check parameters
[0.336s] Level 1:colcon.colcon_core.package_discovery:discover_packages(prefix_path) discover
[0.337s] WARNING:colcon.colcon_ros.prefix_path.ament:The path '/home/kevin/ros2_ws/nav2/install/my_robot_navigation' in the environment variable AMENT_PREFIX_PATH doesn't exist
[0.337s] WARNING:colcon.colcon_ros.prefix_path.ament:The path '/home/kevin/ros2_ws/nav2/install/my_robot_description' in the environment variable AMENT_PREFIX_PATH doesn't exist
[0.337s] WARNING:colcon.colcon_ros.prefix_path.ament:The path '/home/kevin/ros2_ws/nav2/install/my_robot_bringup' in the environment variable AMENT_PREFIX_PATH doesn't exist
[0.337s] WARNING:colcon.colcon_ros.prefix_path.ament:The path '/home/kevin/ros2_ws/nav2/install/my_nav2_bringup' in the environment variable AMENT_PREFIX_PATH doesn't exist
[0.337s] WARNING:colcon.colcon_ros.prefix_path.catkin:The path '/home/kevin/ros2_ws/nav2/install/my_robot_navigation' in the environment variable CMAKE_PREFIX_PATH doesn't exist
[0.337s] WARNING:colcon.colcon_ros.prefix_path.catkin:The path '/home/kevin/ros2_ws/nav2/install/my_robot_description' in the environment variable CMAKE_PREFIX_PATH doesn't exist
[0.337s] WARNING:colcon.colcon_ros.prefix_path.catkin:The path '/home/kevin/ros2_ws/nav2/install/my_robot_bringup' in the environment variable CMAKE_PREFIX_PATH doesn't exist
[0.337s] WARNING:colcon.colcon_ros.prefix_path.catkin:The path '/home/kevin/ros2_ws/nav2/install/my_nav2_bringup' in the environment variable CMAKE_PREFIX_PATH doesn't exist
[0.338s] DEBUG:colcon.colcon_installed_package_information.package_discovery:Found 0 installed packages in /home/kevin/ros2_ws/nav2/install
[0.340s] DEBUG:colcon.colcon_installed_package_information.package_discovery:Found 493 installed packages in /opt/ros/humble
[0.342s] Level 1:colcon.colcon_core.package_discovery:discover_packages(prefix_path) using defaults
[0.399s] Level 5:colcon.colcon_core.verb:set package 'my_nav2_bringup' build argument 'cmake_args' from command line to 'None'
[0.400s] Level 5:colcon.colcon_core.verb:set package 'my_nav2_bringup' build argument 'cmake_target' from command line to 'None'
[0.400s] Level 5:colcon.colcon_core.verb:set package 'my_nav2_bringup' build argument 'cmake_target_skip_unavailable' from command line to 'False'
[0.400s] Level 5:colcon.colcon_core.verb:set package 'my_nav2_bringup' build argument 'cmake_clean_cache' from command line to 'False'
[0.400s] Level 5:colcon.colcon_core.verb:set package 'my_nav2_bringup' build argument 'cmake_clean_first' from command line to 'False'
[0.400s] Level 5:colcon.colcon_core.verb:set package 'my_nav2_bringup' build argument 'cmake_force_configure' from command line to 'False'
[0.400s] Level 5:colcon.colcon_core.verb:set package 'my_nav2_bringup' build argument 'ament_cmake_args' from command line to 'None'
[0.400s] Level 5:colcon.colcon_core.verb:set package 'my_nav2_bringup' build argument 'catkin_cmake_args' from command line to 'None'
[0.400s] Level 5:colcon.colcon_core.verb:set package 'my_nav2_bringup' build argument 'catkin_skip_building_tests' from command line to 'False'
[0.400s] DEBUG:colcon.colcon_core.verb:Building package 'my_nav2_bringup' with the following arguments: {'ament_cmake_args': None, 'build_base': '/home/kevin/ros2_ws/nav2/build/my_nav2_bringup', 'catkin_cmake_args': None, 'catkin_skip_building_tests': False, 'cmake_args': None, 'cmake_clean_cache': False, 'cmake_clean_first': False, 'cmake_force_configure': False, 'cmake_target': None, 'cmake_target_skip_unavailable': False, 'install_base': '/home/kevin/ros2_ws/nav2/install/my_nav2_bringup', 'merge_install': False, 'path': '/home/kevin/ros2_ws/nav2/src/my_nav2_bringup', 'symlink_install': False, 'test_result_base': None}
[0.400s] Level 5:colcon.colcon_core.verb:set package 'my_robot_description' build argument 'cmake_args' from command line to 'None'
[0.400s] Level 5:colcon.colcon_core.verb:set package 'my_robot_description' build argument 'cmake_target' from command line to 'None'
[0.400s] Level 5:colcon.colcon_core.verb:set package 'my_robot_description' build argument 'cmake_target_skip_unavailable' from command line to 'False'
[0.400s] Level 5:colcon.colcon_core.verb:set package 'my_robot_description' build argument 'cmake_clean_cache' from command line to 'False'
[0.400s] Level 5:colcon.colcon_core.verb:set package 'my_robot_description' build argument 'cmake_clean_first' from command line to 'False'
[0.400s] Level 5:colcon.colcon_core.verb:set package 'my_robot_description' build argument 'cmake_force_configure' from command line to 'False'
[0.400s] Level 5:colcon.colcon_core.verb:set package 'my_robot_description' build argument 'ament_cmake_args' from command line to 'None'
[0.400s] Level 5:colcon.colcon_core.verb:set package 'my_robot_description' build argument 'catkin_cmake_args' from command line to 'None'
[0.400s] Level 5:colcon.colcon_core.verb:set package 'my_robot_description' build argument 'catkin_skip_building_tests' from command line to 'False'
[0.400s] DEBUG:colcon.colcon_core.verb:Building package 'my_robot_description' with the following arguments: {'ament_cmake_args': None, 'build_base': '/home/kevin/ros2_ws/nav2/build/my_robot_description', 'catkin_cmake_args': None, 'catkin_skip_building_tests': False, 'cmake_args': None, 'cmake_clean_cache': False, 'cmake_clean_first': False, 'cmake_force_configure': False, 'cmake_target': None, 'cmake_target_skip_unavailable': False, 'install_base': '/home/kevin/ros2_ws/nav2/install/my_robot_description', 'merge_install': False, 'path': '/home/kevin/ros2_ws/nav2/src/my_robot_description', 'symlink_install': False, 'test_result_base': None}
[0.401s] Level 5:colcon.colcon_core.verb:set package 'my_robot_navigation' build argument 'cmake_args' from command line to 'None'
[0.401s] Level 5:colcon.colcon_core.verb:set package 'my_robot_navigation' build argument 'cmake_target' from command line to 'None'
[0.401s] Level 5:colcon.colcon_core.verb:set package 'my_robot_navigation' build argument 'cmake_target_skip_unavailable' from command line to 'False'
[0.401s] Level 5:colcon.colcon_core.verb:set package 'my_robot_navigation' build argument 'cmake_clean_cache' from command line to 'False'
[0.401s] Level 5:colcon.colcon_core.verb:set package 'my_robot_navigation' build argument 'cmake_clean_first' from command line to 'False'
[0.401s] Level 5:colcon.colcon_core.verb:set package 'my_robot_navigation' build argument 'cmake_force_configure' from command line to 'False'
[0.401s] Level 5:colcon.colcon_core.verb:set package 'my_robot_navigation' build argument 'ament_cmake_args' from command line to 'None'
[0.401s] Level 5:colcon.colcon_core.verb:set package 'my_robot_navigation' build argument 'catkin_cmake_args' from command line to 'None'
[0.401s] Level 5:colcon.colcon_core.verb:set package 'my_robot_navigation' build argument 'catkin_skip_building_tests' from command line to 'False'
[0.401s] DEBUG:colcon.colcon_core.verb:Building package 'my_robot_navigation' with the following arguments: {'ament_cmake_args': None, 'build_base': '/home/kevin/ros2_ws/nav2/build/my_robot_navigation', 'catkin_cmake_args': None, 'catkin_skip_building_tests': False, 'cmake_args': None, 'cmake_clean_cache': False, 'cmake_clean_first': False, 'cmake_force_configure': False, 'cmake_target': None, 'cmake_target_skip_unavailable': False, 'install_base': '/home/kevin/ros2_ws/nav2/install/my_robot_navigation', 'merge_install': False, 'path': '/home/kevin/ros2_ws/nav2/src/my_robot_navigation', 'symlink_install': False, 'test_result_base': None}
[0.401s] INFO:colcon.colcon_core.executor:Executing jobs using 'parallel' executor
[0.402s] DEBUG:colcon.colcon_parallel_executor.executor.parallel:run_until_complete
[0.402s] INFO:colcon.colcon_ros.task.ament_cmake.build:Building ROS package in '/home/kevin/ros2_ws/nav2/src/my_nav2_bringup' with build type 'ament_cmake'
[0.402s] INFO:colcon.colcon_cmake.task.cmake.build:Building CMake package in '/home/kevin/ros2_ws/nav2/src/my_nav2_bringup'
[0.404s] INFO:colcon.colcon_core.plugin_system:Skipping extension 'colcon_core.shell.bat': Not used on non-Windows systems
[0.404s] INFO:colcon.colcon_core.shell:Skip shell extension 'powershell' for command environment: Not usable outside of PowerShell
[0.404s] DEBUG:colcon.colcon_core.shell:Skip shell extension 'dsv' for command environment
[0.408s] INFO:colcon.colcon_ros.task.ament_cmake.build:Building ROS package in '/home/kevin/ros2_ws/nav2/src/my_robot_description' with build type 'ament_cmake'
[0.408s] INFO:colcon.colcon_cmake.task.cmake.build:Building CMake package in '/home/kevin/ros2_ws/nav2/src/my_robot_description'
[0.409s] INFO:colcon.colcon_core.shell:Skip shell extension 'powershell' for command environment: Not usable outside of PowerShell
[0.409s] DEBUG:colcon.colcon_core.shell:Skip shell extension 'dsv' for command environment
[0.413s] INFO:colcon.colcon_ros.task.ament_cmake.build:Building ROS package in '/home/kevin/ros2_ws/nav2/src/my_robot_navigation' with build type 'ament_cmake'
[0.413s] INFO:colcon.colcon_cmake.task.cmake.build:Building CMake package in '/home/kevin/ros2_ws/nav2/src/my_robot_navigation'
[0.413s] INFO:colcon.colcon_core.shell:Skip shell extension 'powershell' for command environment: Not usable outside of PowerShell
[0.413s] DEBUG:colcon.colcon_core.shell:Skip shell extension 'dsv' for command environment
[0.420s] DEBUG:colcon.colcon_core.event_handler.log_command:Invoking command in '/home/kevin/ros2_ws/nav2/build/my_nav2_bringup': CMAKE_PREFIX_PATH=${CMAKE_PREFIX_PATH}:/opt/ros/humble /usr/bin/cmake /home/kevin/ros2_ws/nav2/src/my_nav2_bringup -DCMAKE_INSTALL_PREFIX=/home/kevin/ros2_ws/nav2/install/my_nav2_bringup
[0.422s] DEBUG:colcon.colcon_core.event_handler.log_command:Invoking command in '/home/kevin/ros2_ws/nav2/build/my_robot_description': CMAKE_PREFIX_PATH=${CMAKE_PREFIX_PATH}:/opt/ros/humble /usr/bin/cmake /home/kevin/ros2_ws/nav2/src/my_robot_description -DCMAKE_INSTALL_PREFIX=/home/kevin/ros2_ws/nav2/install/my_robot_description
[0.425s] DEBUG:colcon.colcon_core.event_handler.log_command:Invoking command in '/home/kevin/ros2_ws/nav2/build/my_robot_navigation': CMAKE_PREFIX_PATH=${CMAKE_PREFIX_PATH}:/opt/ros/humble /usr/bin/cmake /home/kevin/ros2_ws/nav2/src/my_robot_navigation -DCMAKE_INSTALL_PREFIX=/home/kevin/ros2_ws/nav2/install/my_robot_navigation
[1.906s] DEBUG:colcon.colcon_core.event_handler.log_command:Invoked command in '/home/kevin/ros2_ws/nav2/build/my_robot_navigation' returned '0': CMAKE_PREFIX_PATH=${CMAKE_PREFIX_PATH}:/opt/ros/humble /usr/bin/cmake /home/kevin/ros2_ws/nav2/src/my_robot_navigation -DCMAKE_INSTALL_PREFIX=/home/kevin/ros2_ws/nav2/install/my_robot_navigation
[1.911s] DEBUG:colcon.colcon_core.event_handler.log_command:Invoking command in '/home/kevin/ros2_ws/nav2/build/my_robot_navigation': CMAKE_PREFIX_PATH=${CMAKE_PREFIX_PATH}:/opt/ros/humble /usr/bin/cmake --build /home/kevin/ros2_ws/nav2/build/my_robot_navigation -- -j12 -l12
[1.913s] DEBUG:colcon.colcon_core.event_handler.log_command:Invoked command in '/home/kevin/ros2_ws/nav2/build/my_robot_description' returned '0': CMAKE_PREFIX_PATH=${CMAKE_PREFIX_PATH}:/opt/ros/humble /usr/bin/cmake /home/kevin/ros2_ws/nav2/src/my_robot_description -DCMAKE_INSTALL_PREFIX=/home/kevin/ros2_ws/nav2/install/my_robot_description
[1.917s] DEBUG:colcon.colcon_core.event_handler.log_command:Invoking command in '/home/kevin/ros2_ws/nav2/build/my_robot_description': CMAKE_PREFIX_PATH=${CMAKE_PREFIX_PATH}:/opt/ros/humble /usr/bin/cmake --build /home/kevin/ros2_ws/nav2/build/my_robot_description -- -j12 -l12
[1.943s] DEBUG:colcon.colcon_core.event_handler.log_command:Invoked command in '/home/kevin/ros2_ws/nav2/build/my_nav2_bringup' returned '0': CMAKE_PREFIX_PATH=${CMAKE_PREFIX_PATH}:/opt/ros/humble /usr/bin/cmake /home/kevin/ros2_ws/nav2/src/my_nav2_bringup -DCMAKE_INSTALL_PREFIX=/home/kevin/ros2_ws/nav2/install/my_nav2_bringup
[1.947s] DEBUG:colcon.colcon_core.event_handler.log_command:Invoking command in '/home/kevin/ros2_ws/nav2/build/my_nav2_bringup': CMAKE_PREFIX_PATH=${CMAKE_PREFIX_PATH}:/opt/ros/humble /usr/bin/cmake --build /home/kevin/ros2_ws/nav2/build/my_nav2_bringup -- -j12 -l12
[2.006s] DEBUG:colcon.colcon_core.event_handler.log_command:Invoked command in '/home/kevin/ros2_ws/nav2/build/my_robot_navigation' returned '0': CMAKE_PREFIX_PATH=${CMAKE_PREFIX_PATH}:/opt/ros/humble /usr/bin/cmake --build /home/kevin/ros2_ws/nav2/build/my_robot_navigation -- -j12 -l12
[2.030s] DEBUG:colcon.colcon_core.event_handler.log_command:Invoking command in '/home/kevin/ros2_ws/nav2/build/my_robot_navigation': CMAKE_PREFIX_PATH=${CMAKE_PREFIX_PATH}:/opt/ros/humble /usr/bin/cmake --install /home/kevin/ros2_ws/nav2/build/my_robot_navigation
[2.033s] DEBUG:colcon.colcon_core.event_handler.log_command:Invoked command in '/home/kevin/ros2_ws/nav2/build/my_robot_description' returned '0': CMAKE_PREFIX_PATH=${CMAKE_PREFIX_PATH}:/opt/ros/humble /usr/bin/cmake --build /home/kevin/ros2_ws/nav2/build/my_robot_description -- -j12 -l12
[2.037s] DEBUG:colcon.colcon_core.event_handler.log_command:Invoking command in '/home/kevin/ros2_ws/nav2/build/my_robot_description': CMAKE_PREFIX_PATH=${CMAKE_PREFIX_PATH}:/opt/ros/humble /usr/bin/cmake --install /home/kevin/ros2_ws/nav2/build/my_robot_description
[2.040s] DEBUG:colcon.colcon_core.event_handler.log_command:Invoked command in '/home/kevin/ros2_ws/nav2/build/my_nav2_bringup' returned '0': CMAKE_PREFIX_PATH=${CMAKE_PREFIX_PATH}:/opt/ros/humble /usr/bin/cmake --build /home/kevin/ros2_ws/nav2/build/my_nav2_bringup -- -j12 -l12
[2.043s] DEBUG:colcon.colcon_core.event_handler.log_command:Invoking command in '/home/kevin/ros2_ws/nav2/build/my_nav2_bringup': CMAKE_PREFIX_PATH=${CMAKE_PREFIX_PATH}:/opt/ros/humble /usr/bin/cmake --install /home/kevin/ros2_ws/nav2/build/my_nav2_bringup
[2.058s] Level 1:colcon.colcon_core.environment:create_environment_scripts_only(my_robot_navigation)
[2.059s] DEBUG:colcon.colcon_core.event_handler.log_command:Invoked command in '/home/kevin/ros2_ws/nav2/build/my_robot_navigation' returned '0': CMAKE_PREFIX_PATH=${CMAKE_PREFIX_PATH}:/opt/ros/humble /usr/bin/cmake --install /home/kevin/ros2_ws/nav2/build/my_robot_navigation
[2.086s] Level 1:colcon.colcon_core.environment:checking '/home/kevin/ros2_ws/nav2/install/my_robot_navigation' for CMake module files
[2.088s] Level 1:colcon.colcon_core.environment:checking '/home/kevin/ros2_ws/nav2/install/my_robot_navigation' for CMake config files
[2.089s] Level 1:colcon.colcon_core.shell:create_environment_hook('my_robot_navigation', 'cmake_prefix_path')
[2.090s] INFO:colcon.colcon_core.shell:Creating environment hook '/home/kevin/ros2_ws/nav2/install/my_robot_navigation/share/my_robot_navigation/hook/cmake_prefix_path.ps1'
[2.092s] INFO:colcon.colcon_core.shell:Creating environment descriptor '/home/kevin/ros2_ws/nav2/install/my_robot_navigation/share/my_robot_navigation/hook/cmake_prefix_path.dsv'
[2.093s] INFO:colcon.colcon_core.shell:Creating environment hook '/home/kevin/ros2_ws/nav2/install/my_robot_navigation/share/my_robot_navigation/hook/cmake_prefix_path.sh'
[2.096s] Level 1:colcon.colcon_core.environment:checking '/home/kevin/ros2_ws/nav2/install/my_robot_navigation/bin'
[2.096s] Level 1:colcon.colcon_core.environment:checking '/home/kevin/ros2_ws/nav2/install/my_robot_navigation/lib/pkgconfig/my_robot_navigation.pc'
[2.097s] Level 1:colcon.colcon_core.environment:checking '/home/kevin/ros2_ws/nav2/install/my_robot_navigation/lib/python3.10/site-packages'
[2.099s] Level 1:colcon.colcon_core.environment:checking '/home/kevin/ros2_ws/nav2/install/my_robot_navigation/bin'
[2.100s] INFO:colcon.colcon_core.shell:Creating package script '/home/kevin/ros2_ws/nav2/install/my_robot_navigation/share/my_robot_navigation/package.ps1'
[2.104s] INFO:colcon.colcon_core.shell:Creating package descriptor '/home/kevin/ros2_ws/nav2/install/my_robot_navigation/share/my_robot_navigation/package.dsv'
[2.106s] INFO:colcon.colcon_core.shell:Creating package script '/home/kevin/ros2_ws/nav2/install/my_robot_navigation/share/my_robot_navigation/package.sh'
[2.109s] INFO:colcon.colcon_core.shell:Creating package script '/home/kevin/ros2_ws/nav2/install/my_robot_navigation/share/my_robot_navigation/package.bash'
[2.111s] INFO:colcon.colcon_core.shell:Creating package script '/home/kevin/ros2_ws/nav2/install/my_robot_navigation/share/my_robot_navigation/package.zsh'
[2.114s] Level 1:colcon.colcon_core.environment:create_file_with_runtime_dependencies(/home/kevin/ros2_ws/nav2/install/my_robot_navigation/share/colcon-core/packages/my_robot_navigation)
[2.116s] Level 1:colcon.colcon_core.environment:create_environment_scripts_only(my_robot_navigation)
[2.117s] Level 1:colcon.colcon_core.environment:checking '/home/kevin/ros2_ws/nav2/install/my_robot_navigation' for CMake module files
[2.118s] Level 1:colcon.colcon_core.environment:checking '/home/kevin/ros2_ws/nav2/install/my_robot_navigation' for CMake config files
[2.119s] Level 1:colcon.colcon_core.shell:create_environment_hook('my_robot_navigation', 'cmake_prefix_path')
[2.120s] INFO:colcon.colcon_core.shell:Creating environment hook '/home/kevin/ros2_ws/nav2/install/my_robot_navigation/share/my_robot_navigation/hook/cmake_prefix_path.ps1'
[2.121s] INFO:colcon.colcon_core.shell:Creating environment descriptor '/home/kevin/ros2_ws/nav2/install/my_robot_navigation/share/my_robot_navigation/hook/cmake_prefix_path.dsv'
[2.122s] INFO:colcon.colcon_core.shell:Creating environment hook '/home/kevin/ros2_ws/nav2/install/my_robot_navigation/share/my_robot_navigation/hook/cmake_prefix_path.sh'
[2.124s] Level 1:colcon.colcon_core.environment:checking '/home/kevin/ros2_ws/nav2/install/my_robot_navigation/bin'
[2.124s] Level 1:colcon.colcon_core.environment:checking '/home/kevin/ros2_ws/nav2/install/my_robot_navigation/lib/pkgconfig/my_robot_navigation.pc'
[2.125s] Level 1:colcon.colcon_core.environment:checking '/home/kevin/ros2_ws/nav2/install/my_robot_navigation/lib/python3.10/site-packages'
[2.126s] Level 1:colcon.colcon_core.environment:checking '/home/kevin/ros2_ws/nav2/install/my_robot_navigation/bin'
[2.127s] INFO:colcon.colcon_core.shell:Creating package script '/home/kevin/ros2_ws/nav2/install/my_robot_navigation/share/my_robot_navigation/package.ps1'
[2.129s] INFO:colcon.colcon_core.shell:Creating package descriptor '/home/kevin/ros2_ws/nav2/install/my_robot_navigation/share/my_robot_navigation/package.dsv'
[2.131s] INFO:colcon.colcon_core.shell:Creating package script '/home/kevin/ros2_ws/nav2/install/my_robot_navigation/share/my_robot_navigation/package.sh'
[2.132s] INFO:colcon.colcon_core.shell:Creating package script '/home/kevin/ros2_ws/nav2/install/my_robot_navigation/share/my_robot_navigation/package.bash'
[2.133s] INFO:colcon.colcon_core.shell:Creating package script '/home/kevin/ros2_ws/nav2/install/my_robot_navigation/share/my_robot_navigation/package.zsh'
[2.135s] Level 1:colcon.colcon_core.environment:create_file_with_runtime_dependencies(/home/kevin/ros2_ws/nav2/install/my_robot_navigation/share/colcon-core/packages/my_robot_navigation)
[2.138s] Level 1:colcon.colcon_core.environment:create_environment_scripts_only(my_robot_description)
[2.139s] Level 1:colcon.colcon_core.environment:checking '/home/kevin/ros2_ws/nav2/install/my_robot_description' for CMake module files
[2.140s] DEBUG:colcon.colcon_core.event_handler.log_command:Invoked command in '/home/kevin/ros2_ws/nav2/build/my_robot_description' returned '0': CMAKE_PREFIX_PATH=${CMAKE_PREFIX_PATH}:/opt/ros/humble /usr/bin/cmake --install /home/kevin/ros2_ws/nav2/build/my_robot_description
[2.142s] Level 1:colcon.colcon_core.environment:checking '/home/kevin/ros2_ws/nav2/install/my_robot_description' for CMake config files
[2.142s] Level 1:colcon.colcon_core.shell:create_environment_hook('my_robot_description', 'cmake_prefix_path')
[2.143s] INFO:colcon.colcon_core.shell:Creating environment hook '/home/kevin/ros2_ws/nav2/install/my_robot_description/share/my_robot_description/hook/cmake_prefix_path.ps1'
[2.144s] INFO:colcon.colcon_core.shell:Creating environment descriptor '/home/kevin/ros2_ws/nav2/install/my_robot_description/share/my_robot_description/hook/cmake_prefix_path.dsv'
[2.145s] INFO:colcon.colcon_core.shell:Creating environment hook '/home/kevin/ros2_ws/nav2/install/my_robot_description/share/my_robot_description/hook/cmake_prefix_path.sh'
[2.146s] Level 1:colcon.colcon_core.environment:checking '/home/kevin/ros2_ws/nav2/install/my_robot_description/bin'
[2.146s] Level 1:colcon.colcon_core.environment:checking '/home/kevin/ros2_ws/nav2/install/my_robot_description/lib/pkgconfig/my_robot_description.pc'
[2.147s] Level 1:colcon.colcon_core.environment:checking '/home/kevin/ros2_ws/nav2/install/my_robot_description/lib/python3.10/site-packages'
[2.148s] Level 1:colcon.colcon_core.environment:checking '/home/kevin/ros2_ws/nav2/install/my_robot_description/bin'
[2.149s] INFO:colcon.colcon_core.shell:Creating package script '/home/kevin/ros2_ws/nav2/install/my_robot_description/share/my_robot_description/package.ps1'
[2.150s] INFO:colcon.colcon_core.shell:Creating package descriptor '/home/kevin/ros2_ws/nav2/install/my_robot_description/share/my_robot_description/package.dsv'
[2.151s] INFO:colcon.colcon_core.shell:Creating package script '/home/kevin/ros2_ws/nav2/install/my_robot_description/share/my_robot_description/package.sh'
[2.153s] INFO:colcon.colcon_core.shell:Creating package script '/home/kevin/ros2_ws/nav2/install/my_robot_description/share/my_robot_description/package.bash'
[2.154s] INFO:colcon.colcon_core.shell:Creating package script '/home/kevin/ros2_ws/nav2/install/my_robot_description/share/my_robot_description/package.zsh'
[2.155s] Level 1:colcon.colcon_core.environment:create_file_with_runtime_dependencies(/home/kevin/ros2_ws/nav2/install/my_robot_description/share/colcon-core/packages/my_robot_description)
[2.156s] Level 1:colcon.colcon_core.environment:create_environment_scripts_only(my_robot_description)
[2.157s] Level 1:colcon.colcon_core.environment:checking '/home/kevin/ros2_ws/nav2/install/my_robot_description' for CMake module files
[2.158s] Level 1:colcon.colcon_core.environment:checking '/home/kevin/ros2_ws/nav2/install/my_robot_description' for CMake config files
[2.159s] Level 1:colcon.colcon_core.shell:create_environment_hook('my_robot_description', 'cmake_prefix_path')
[2.160s] INFO:colcon.colcon_core.shell:Creating environment hook '/home/kevin/ros2_ws/nav2/install/my_robot_description/share/my_robot_description/hook/cmake_prefix_path.ps1'
[2.161s] INFO:colcon.colcon_core.shell:Creating environment descriptor '/home/kevin/ros2_ws/nav2/install/my_robot_description/share/my_robot_description/hook/cmake_prefix_path.dsv'
[2.162s] INFO:colcon.colcon_core.shell:Creating environment hook '/home/kevin/ros2_ws/nav2/install/my_robot_description/share/my_robot_description/hook/cmake_prefix_path.sh'
[2.163s] Level 1:colcon.colcon_core.environment:checking '/home/kevin/ros2_ws/nav2/install/my_robot_description/bin'
[2.164s] Level 1:colcon.colcon_core.environment:checking '/home/kevin/ros2_ws/nav2/install/my_robot_description/lib/pkgconfig/my_robot_description.pc'
[2.164s] Level 1:colcon.colcon_core.environment:checking '/home/kevin/ros2_ws/nav2/install/my_robot_description/lib/python3.10/site-packages'
[2.165s] Level 1:colcon.colcon_core.environment:checking '/home/kevin/ros2_ws/nav2/install/my_robot_description/bin'
[2.166s] INFO:colcon.colcon_core.shell:Creating package script '/home/kevin/ros2_ws/nav2/install/my_robot_description/share/my_robot_description/package.ps1'
[2.167s] INFO:colcon.colcon_core.shell:Creating package descriptor '/home/kevin/ros2_ws/nav2/install/my_robot_description/share/my_robot_description/package.dsv'
[2.168s] INFO:colcon.colcon_core.shell:Creating package script '/home/kevin/ros2_ws/nav2/install/my_robot_description/share/my_robot_description/package.sh'
[2.170s] INFO:colcon.colcon_core.shell:Creating package script '/home/kevin/ros2_ws/nav2/install/my_robot_description/share/my_robot_description/package.bash'
[2.172s] INFO:colcon.colcon_core.shell:Creating package script '/home/kevin/ros2_ws/nav2/install/my_robot_description/share/my_robot_description/package.zsh'
[2.174s] Level 1:colcon.colcon_core.environment:create_file_with_runtime_dependencies(/home/kevin/ros2_ws/nav2/install/my_robot_description/share/colcon-core/packages/my_robot_description)
[2.175s] Level 1:colcon.colcon_core.environment:create_environment_scripts_only(my_nav2_bringup)
[2.176s] Level 1:colcon.colcon_core.environment:checking '/home/kevin/ros2_ws/nav2/install/my_nav2_bringup' for CMake module files
[2.179s] DEBUG:colcon.colcon_core.event_handler.log_command:Invoked command in '/home/kevin/ros2_ws/nav2/build/my_nav2_bringup' returned '0': CMAKE_PREFIX_PATH=${CMAKE_PREFIX_PATH}:/opt/ros/humble /usr/bin/cmake --install /home/kevin/ros2_ws/nav2/build/my_nav2_bringup
[2.180s] Level 1:colcon.colcon_core.environment:checking '/home/kevin/ros2_ws/nav2/install/my_nav2_bringup' for CMake config files
[2.181s] Level 1:colcon.colcon_core.shell:create_environment_hook('my_nav2_bringup', 'cmake_prefix_path')
[2.182s] INFO:colcon.colcon_core.shell:Creating environment hook '/home/kevin/ros2_ws/nav2/install/my_nav2_bringup/share/my_nav2_bringup/hook/cmake_prefix_path.ps1'
[2.184s] INFO:colcon.colcon_core.shell:Creating environment descriptor '/home/kevin/ros2_ws/nav2/install/my_nav2_bringup/share/my_nav2_bringup/hook/cmake_prefix_path.dsv'
[2.185s] INFO:colcon.colcon_core.shell:Creating environment hook '/home/kevin/ros2_ws/nav2/install/my_nav2_bringup/share/my_nav2_bringup/hook/cmake_prefix_path.sh'
[2.187s] Level 1:colcon.colcon_core.environment:checking '/home/kevin/ros2_ws/nav2/install/my_nav2_bringup/bin'
[2.187s] Level 1:colcon.colcon_core.environment:checking '/home/kevin/ros2_ws/nav2/install/my_nav2_bringup/lib/pkgconfig/my_nav2_bringup.pc'
[2.188s] Level 1:colcon.colcon_core.environment:checking '/home/kevin/ros2_ws/nav2/install/my_nav2_bringup/lib/python3.10/site-packages'
[2.190s] Level 1:colcon.colcon_core.environment:checking '/home/kevin/ros2_ws/nav2/install/my_nav2_bringup/bin'
[2.191s] INFO:colcon.colcon_core.shell:Creating package script '/home/kevin/ros2_ws/nav2/install/my_nav2_bringup/share/my_nav2_bringup/package.ps1'
[2.193s] INFO:colcon.colcon_core.shell:Creating package descriptor '/home/kevin/ros2_ws/nav2/install/my_nav2_bringup/share/my_nav2_bringup/package.dsv'
[2.195s] INFO:colcon.colcon_core.shell:Creating package script '/home/kevin/ros2_ws/nav2/install/my_nav2_bringup/share/my_nav2_bringup/package.sh'
[2.197s] INFO:colcon.colcon_core.shell:Creating package script '/home/kevin/ros2_ws/nav2/install/my_nav2_bringup/share/my_nav2_bringup/package.bash'
[2.198s] INFO:colcon.colcon_core.shell:Creating package script '/home/kevin/ros2_ws/nav2/install/my_nav2_bringup/share/my_nav2_bringup/package.zsh'
[2.200s] Level 1:colcon.colcon_core.environment:create_file_with_runtime_dependencies(/home/kevin/ros2_ws/nav2/install/my_nav2_bringup/share/colcon-core/packages/my_nav2_bringup)
[2.203s] Level 1:colcon.colcon_core.environment:create_environment_scripts_only(my_nav2_bringup)
[2.204s] Level 1:colcon.colcon_core.environment:checking '/home/kevin/ros2_ws/nav2/install/my_nav2_bringup' for CMake module files
[2.207s] Level 1:colcon.colcon_core.environment:checking '/home/kevin/ros2_ws/nav2/install/my_nav2_bringup' for CMake config files
[2.210s] Level 1:colcon.colcon_core.shell:create_environment_hook('my_nav2_bringup', 'cmake_prefix_path')
[2.211s] INFO:colcon.colcon_core.shell:Creating environment hook '/home/kevin/ros2_ws/nav2/install/my_nav2_bringup/share/my_nav2_bringup/hook/cmake_prefix_path.ps1'
[2.213s] INFO:colcon.colcon_core.shell:Creating environment descriptor '/home/kevin/ros2_ws/nav2/install/my_nav2_bringup/share/my_nav2_bringup/hook/cmake_prefix_path.dsv'
[2.214s] INFO:colcon.colcon_core.shell:Creating environment hook '/home/kevin/ros2_ws/nav2/install/my_nav2_bringup/share/my_nav2_bringup/hook/cmake_prefix_path.sh'
[2.217s] Level 1:colcon.colcon_core.environment:checking '/home/kevin/ros2_ws/nav2/install/my_nav2_bringup/bin'
[2.217s] Level 1:colcon.colcon_core.environment:checking '/home/kevin/ros2_ws/nav2/install/my_nav2_bringup/lib/pkgconfig/my_nav2_bringup.pc'
[2.218s] Level 1:colcon.colcon_core.environment:checking '/home/kevin/ros2_ws/nav2/install/my_nav2_bringup/lib/python3.10/site-packages'
[2.220s] Level 1:colcon.colcon_core.environment:checking '/home/kevin/ros2_ws/nav2/install/my_nav2_bringup/bin'
[2.222s] INFO:colcon.colcon_core.shell:Creating package script '/home/kevin/ros2_ws/nav2/install/my_nav2_bringup/share/my_nav2_bringup/package.ps1'
[2.224s] INFO:colcon.colcon_core.shell:Creating package descriptor '/home/kevin/ros2_ws/nav2/install/my_nav2_bringup/share/my_nav2_bringup/package.dsv'
[2.226s] INFO:colcon.colcon_core.shell:Creating package script '/home/kevin/ros2_ws/nav2/install/my_nav2_bringup/share/my_nav2_bringup/package.sh'
[2.228s] INFO:colcon.colcon_core.shell:Creating package script '/home/kevin/ros2_ws/nav2/install/my_nav2_bringup/share/my_nav2_bringup/package.bash'
[2.229s] INFO:colcon.colcon_core.shell:Creating package script '/home/kevin/ros2_ws/nav2/install/my_nav2_bringup/share/my_nav2_bringup/package.zsh'
[2.231s] Level 1:colcon.colcon_core.environment:create_file_with_runtime_dependencies(/home/kevin/ros2_ws/nav2/install/my_nav2_bringup/share/colcon-core/packages/my_nav2_bringup)
[2.232s] DEBUG:colcon.colcon_parallel_executor.executor.parallel:closing loop
[2.234s] DEBUG:colcon.colcon_parallel_executor.executor.parallel:loop closed
[2.234s] DEBUG:colcon.colcon_parallel_executor.executor.parallel:run_until_complete finished with '0'
[2.234s] DEBUG:colcon.colcon_core.event_reactor:joining thread
[2.257s] INFO:colcon.colcon_core.plugin_system:Skipping extension 'colcon_notification.desktop_notification.terminal_notifier': Not used on non-Darwin systems
[2.258s] INFO:colcon.colcon_core.plugin_system:Skipping extension 'colcon_notification.desktop_notification.win32': Not used on non-Windows systems
[2.258s] INFO:colcon.colcon_notification.desktop_notification:Sending desktop notification using 'notify2'
[2.315s] DEBUG:colcon.colcon_core.event_reactor:joined thread
[2.316s] INFO:colcon.colcon_core.shell:Creating prefix script '/home/kevin/ros2_ws/nav2/install/local_setup.ps1'
[2.320s] INFO:colcon.colcon_core.shell:Creating prefix util module '/home/kevin/ros2_ws/nav2/install/_local_setup_util_ps1.py'
[2.326s] INFO:colcon.colcon_core.shell:Creating prefix chain script '/home/kevin/ros2_ws/nav2/install/setup.ps1'
[2.331s] INFO:colcon.colcon_core.shell:Creating prefix script '/home/kevin/ros2_ws/nav2/install/local_setup.sh'
[2.334s] INFO:colcon.colcon_core.shell:Creating prefix util module '/home/kevin/ros2_ws/nav2/install/_local_setup_util_sh.py'
[2.336s] INFO:colcon.colcon_core.shell:Creating prefix chain script '/home/kevin/ros2_ws/nav2/install/setup.sh'
[2.341s] INFO:colcon.colcon_core.shell:Creating prefix script '/home/kevin/ros2_ws/nav2/install/local_setup.bash'
[2.343s] INFO:colcon.colcon_core.shell:Creating prefix chain script '/home/kevin/ros2_ws/nav2/install/setup.bash'
[2.348s] INFO:colcon.colcon_core.shell:Creating prefix script '/home/kevin/ros2_ws/nav2/install/local_setup.zsh'
[2.350s] INFO:colcon.colcon_core.shell:Creating prefix chain script '/home/kevin/ros2_ws/nav2/install/setup.zsh'
