[0.012s] Invoking command in '/home/kevin/ros2_ws/nav2/build/my_robot_navigation': CMAKE_PREFIX_PATH=${CMAKE_PREFIX_PATH}:/opt/ros/humble /usr/bin/cmake /home/kevin/ros2_ws/nav2/src/my_robot_navigation -DCMAKE_INSTALL_PREFIX=/home/kevin/ros2_ws/nav2/install/my_robot_navigation
[0.065s] -- The C compiler identification is GNU 11.4.0
[0.186s] -- The CXX compiler identification is GNU 11.4.0
[0.215s] -- Detecting C compiler ABI info
[0.485s] -- Detecting C compiler ABI info - done
[0.507s] -- Check for working C compiler: /usr/bin/cc - skipped
[0.508s] -- Detecting C compile features
[0.509s] -- Detecting C compile features - done
[0.519s] -- Detecting CXX compiler ABI info
[0.716s] -- Detecting CXX compiler ABI info - done
[0.737s] -- Check for working CXX compiler: /usr/bin/c++ - skipped
[0.737s] -- Detecting CXX compile features
[0.739s] -- Detecting CXX compile features - done
[0.745s] -- Found ament_cmake: 1.3.14 (/opt/ros/humble/share/ament_cmake/cmake)
[1.115s] -- Found Python3: /usr/bin/python3 (found version "3.10.12") found components: Interpreter 
[1.320s] -- Found ament_lint_auto: 0.12.15 (/opt/ros/humble/share/ament_lint_auto/cmake)
[1.471s] -- Added test 'lint_cmake' to check CMake code style
[1.474s] -- Added test 'xmllint' to check XML markup files
[1.477s] -- Configuring done
[1.482s] -- Generating done
[1.485s] -- Build files have been written to: /home/kevin/ros2_ws/nav2/build/my_robot_navigation
[1.492s] Invoked command in '/home/kevin/ros2_ws/nav2/build/my_robot_navigation' returned '0': CMAKE_PREFIX_PATH=${CMAKE_PREFIX_PATH}:/opt/ros/humble /usr/bin/cmake /home/kevin/ros2_ws/nav2/src/my_robot_navigation -DCMAKE_INSTALL_PREFIX=/home/kevin/ros2_ws/nav2/install/my_robot_navigation
[1.497s] Invoking command in '/home/kevin/ros2_ws/nav2/build/my_robot_navigation': CMAKE_PREFIX_PATH=${CMAKE_PREFIX_PATH}:/opt/ros/humble /usr/bin/cmake --build /home/kevin/ros2_ws/nav2/build/my_robot_navigation -- -j12 -l12
[1.593s] Invoked command in '/home/kevin/ros2_ws/nav2/build/my_robot_navigation' returned '0': CMAKE_PREFIX_PATH=${CMAKE_PREFIX_PATH}:/opt/ros/humble /usr/bin/cmake --build /home/kevin/ros2_ws/nav2/build/my_robot_navigation -- -j12 -l12
[1.617s] Invoking command in '/home/kevin/ros2_ws/nav2/build/my_robot_navigation': CMAKE_PREFIX_PATH=${CMAKE_PREFIX_PATH}:/opt/ros/humble /usr/bin/cmake --install /home/kevin/ros2_ws/nav2/build/my_robot_navigation
[1.634s] -- Install configuration: ""
[1.635s] -- Installing: /home/kevin/ros2_ws/nav2/install/my_robot_navigation/share/ament_index/resource_index/package_run_dependencies/my_robot_navigation
[1.635s] -- Installing: /home/kevin/ros2_ws/nav2/install/my_robot_navigation/share/ament_index/resource_index/parent_prefix_path/my_robot_navigation
[1.636s] -- Installing: /home/kevin/ros2_ws/nav2/install/my_robot_navigation/share/my_robot_navigation/environment/ament_prefix_path.sh
[1.636s] -- Installing: /home/kevin/ros2_ws/nav2/install/my_robot_navigation/share/my_robot_navigation/environment/ament_prefix_path.dsv
[1.637s] -- Installing: /home/kevin/ros2_ws/nav2/install/my_robot_navigation/share/my_robot_navigation/environment/path.sh
[1.637s] -- Installing: /home/kevin/ros2_ws/nav2/install/my_robot_navigation/share/my_robot_navigation/environment/path.dsv
[1.638s] -- Installing: /home/kevin/ros2_ws/nav2/install/my_robot_navigation/share/my_robot_navigation/local_setup.bash
[1.639s] -- Installing: /home/kevin/ros2_ws/nav2/install/my_robot_navigation/share/my_robot_navigation/local_setup.sh
[1.639s] -- Installing: /home/kevin/ros2_ws/nav2/install/my_robot_navigation/share/my_robot_navigation/local_setup.zsh
[1.639s] -- Installing: /home/kevin/ros2_ws/nav2/install/my_robot_navigation/share/my_robot_navigation/local_setup.dsv
[1.640s] -- Installing: /home/kevin/ros2_ws/nav2/install/my_robot_navigation/share/my_robot_navigation/package.dsv
[1.640s] -- Installing: /home/kevin/ros2_ws/nav2/install/my_robot_navigation/share/ament_index/resource_index/packages/my_robot_navigation
[1.640s] -- Installing: /home/kevin/ros2_ws/nav2/install/my_robot_navigation/share/my_robot_navigation/cmake/my_robot_navigationConfig.cmake
[1.641s] -- Installing: /home/kevin/ros2_ws/nav2/install/my_robot_navigation/share/my_robot_navigation/cmake/my_robot_navigationConfig-version.cmake
[1.641s] -- Installing: /home/kevin/ros2_ws/nav2/install/my_robot_navigation/share/my_robot_navigation/package.xml
[1.646s] Invoked command in '/home/kevin/ros2_ws/nav2/build/my_robot_navigation' returned '0': CMAKE_PREFIX_PATH=${CMAKE_PREFIX_PATH}:/opt/ros/humble /usr/bin/cmake --install /home/kevin/ros2_ws/nav2/build/my_robot_navigation
